<?xml version="1.0" encoding="UTF-8"?>
<!-- Generated by org.testng.reporters.JUnitXMLReporter -->
<testsuite ignored="4" hostname="NJR-SEC-LAPTOP" failures="0" tests="4" name="Default test" time="0.114" errors="0" timestamp="22 Nov 2023 15:02:41 GMT">
  <testcase classname="testng.CardTest" name="TC01_Creditcardtest" time="0.016"/>
  <testcase classname="testng.LoanTest" name="tc00_Personalloantest" time="0.002"/>
  <testcase classname="testng.LoanTest" name="tc01_Homeloantest" time="0.013"/>
  <testcase classname="testng.LoanTest" name="tc02_Carloantest" time="0.01"/>
  <testcase classname="testng.BaseClass" name="@BeforeTest method3" time="0.0">
    <ignored/>
  </testcase> <!-- @BeforeTest method3 -->
  <testcase classname="testng.BaseClass" name="@BeforeTest method3" time="0.0">
    <ignored/>
  </testcase> <!-- @BeforeTest method3 -->
  <testcase classname="testng.BaseClass" name="@AfterTest method4" time="0.0">
    <ignored/>
  </testcase> <!-- @AfterTest method4 -->
  <testcase classname="testng.BaseClass" name="@AfterTest method4" time="0.0">
    <ignored/>
  </testcase> <!-- @AfterTest method4 -->
</testsuite> <!-- Default test -->
