<?xml version="1.0" encoding="UTF-8"?>
<!-- Generated by org.testng.reporters.JUnitXMLReporter -->
<testsuite ignored="3" hostname="NJR-SEC-LAPTOP" failures="0" tests="3" name="Test" time="0.065" errors="0" timestamp="22 Nov 2023 16:39:53 GMT">
  <testcase classname="testng.CardTest" name="TC01_Creditcardtest" time="0.006"/>
  <testcase classname="testng.LoanTest" name="tc00_Personalloantest" time="0.003"/>
  <testcase classname="testng.LoanTest" name="tc02_Carloantest" time="0.003"/>
  <testcase classname="testng.LoanTest" name="tc01_Homeloantest" time="0.0">
    <ignored/>
  </testcase> <!-- tc01_Homeloantest -->
  <testcase classname="testng.BaseClass" name="@BeforeTest method3" time="0.0">
    <ignored/>
  </testcase> <!-- @BeforeTest method3 -->
  <testcase classname="testng.BaseClass" name="@AfterTest method4" time="0.0">
    <ignored/>
  </testcase> <!-- @AfterTest method4 -->
</testsuite> <!-- Test -->
