<?xml version="1.0" encoding="UTF-8"?>
<!-- Generated by org.testng.reporters.JUnitXMLReporter -->
<testsuite ignored="2" hostname="NJR-SEC-LAPTOP" failures="0" tests="2" name="Test" time="0.074" errors="0" timestamp="22 Nov 2023 16:27:16 GMT">
  <testcase classname="testng.CardTest" name="TC01_Creditcardtest" time="0.02"/>
  <testcase classname="testng.LoanTest" name="tc00_Personalloantest" time="0.002"/>
  <testcase classname="testng.LoanTest" name="tc01_Homeloantest" time="0.0">
    <ignored/>
  </testcase> <!-- tc01_Homeloantest -->
  <testcase classname="testng.LoanTest" name="tc02_Carloantest" time="0.0">
    <ignored/>
  </testcase> <!-- tc02_Carloantest -->
</testsuite> <!-- Test -->
